2021/02/15 17:44:01 json: cannot unmarshal string into Go struct field Document.release_date of type sql.NullTime
2021/02/15 19:15:58 json: cannot unmarshal string into Go struct field OnlineTraining.date of type sql.NullTime
2021/02/15 20:28:45 cannot convert 10 to Text
2021/02/15 20:54:34 ERROR: cannot cast type interval to integer (SQLSTATE 42846)
2021/02/16 10:00:30 <nil>
2021/02/16 10:00:33 <nil>
2021/02/16 10:00:47 <nil>
2021/02/16 10:00:48 <nil>
2021/02/16 10:01:19 <nil>
2021/02/16 10:01:19 <nil>
2021/02/16 10:01:19 <nil>
2021/02/16 10:01:20 <nil>
2021/02/16 10:01:20 <nil>
2021/02/16 10:01:20 <nil>
2021/02/16 10:01:22 <nil>
2021/02/16 10:01:22 <nil>
2021/02/16 10:01:22 <nil>
2021/02/16 10:01:23 <nil>
2021/02/16 10:01:23 <nil>
2021/02/16 10:01:23 <nil>
2021/02/16 10:01:28 <nil>
2021/02/16 10:01:28 <nil>
2021/02/16 10:01:28 <nil>
2021/02/16 10:01:58 <nil>
2021/02/16 10:01:58 <nil>
2021/02/16 10:01:58 <nil>
2021/02/16 10:02:58 <nil>
2021/02/16 10:02:58 <nil>
2021/02/16 10:02:58 <nil>
2021/02/16 14:09:38 <nil>
2021/02/16 14:10:34 <nil>
2021/02/16 14:48:43 <nil>
2021/02/16 18:55:25 sql: transaction has already been committed or rolled back
2021/02/16 19:47:46 cannot convert map[Time:2021-02-24T00:00:00Z Valid:true] to Date
